\BOOKMARK [0][]{Title.0}{Titlepage}{}% 1
\BOOKMARK [0][]{acknowledgments.0}{Acknowledgments}{}% 2
\BOOKMARK [0][]{Abstract.0}{Abstract}{}% 3
\BOOKMARK [0][]{Abstract.0}{Abstract}{}% 4
\BOOKMARK [0][]{Resumo.0}{Resumo}{}% 5
\BOOKMARK [0][]{Resumo.0}{Resumo}{}% 6
\BOOKMARK [0][]{toc.0}{Contents}{}% 7
\BOOKMARK [1][]{lof.1}{List of Figures}{toc.0}% 8
\BOOKMARK [1][]{lot.1}{List of Tables}{toc.0}% 9
\BOOKMARK [1][]{loa.1}{List of Algorithms}{toc.0}% 10
\BOOKMARK [1][]{lol.1}{Listings}{toc.0}% 11
\BOOKMARK [1][]{loac.1}{Acronyms}{toc.0}% 12
\BOOKMARK [0][]{chapter.1}{1 Introduction}{}% 13
\BOOKMARK [1][]{section.1.1}{1.1 Motivation}{chapter.1}% 14
\BOOKMARK [1][]{section.1.2}{1.2 Existing Services}{chapter.1}% 15
\BOOKMARK [2][]{subsection.1.2.1}{1.2.1 User Search Tools}{section.1.2}% 16
\BOOKMARK [2][]{subsection.1.2.2}{1.2.2 Developer Search Tools}{section.1.2}% 17
\BOOKMARK [1][]{section.1.3}{1.3 Objectives}{chapter.1}% 18
\BOOKMARK [1][]{section.1.4}{1.4 Document structure}{chapter.1}% 19
\BOOKMARK [0][]{chapter.2}{2 Literature review}{}% 20
\BOOKMARK [1][]{section.2.1}{2.1 Combinatorial Optimization and Routing Problems}{chapter.2}% 21
\BOOKMARK [2][]{subsection.2.1.1}{2.1.1 Combinatorial Optimization and Computational Complexity}{section.2.1}% 22
\BOOKMARK [2][]{subsection.2.1.2}{2.1.2 The Traveling Salesman Problem}{section.2.1}% 23
\BOOKMARK [3][]{subsubsection.2.1.2.1}{2.1.2.A Problem definition}{subsection.2.1.2}% 24
\BOOKMARK [3][]{subsubsection.2.1.2.2}{2.1.2.B Common TSP variations}{subsection.2.1.2}% 25
\BOOKMARK [3][]{subsubsection.2.1.2.3}{2.1.2.C Time Dependent TSP}{subsection.2.1.2}% 26
\BOOKMARK [3][]{subsubsection.2.1.2.4}{2.1.2.D TSP with time-windows}{subsection.2.1.2}% 27
\BOOKMARK [3][]{subsubsection.2.1.2.5}{2.1.2.E Multi objective TSP}{subsection.2.1.2}% 28
\BOOKMARK [2][]{subsection.2.1.3}{2.1.3 Vehicle Routing Problem}{section.2.1}% 29
\BOOKMARK [3][]{subsubsection.2.1.3.1}{2.1.3.A Problem definition}{subsection.2.1.3}% 30
\BOOKMARK [3][]{subsubsection.2.1.3.2}{2.1.3.B Time-dependent VRP}{subsection.2.1.3}% 31
\BOOKMARK [3][]{subsubsection.2.1.3.3}{2.1.3.C Multi-objective VRP}{subsection.2.1.3}% 32
\BOOKMARK [1][]{section.2.2}{2.2 Algorithmic overview}{chapter.2}% 33
\BOOKMARK [2][]{subsection.2.2.1}{2.2.1 Exact algorithms}{section.2.2}% 34
\BOOKMARK [3][]{subsubsection.2.2.1.1}{2.2.1.A Integer Linear Programming}{subsection.2.2.1}% 35
\BOOKMARK [3][]{subsubsection.2.2.1.2}{2.2.1.B Branch and Bound}{subsection.2.2.1}% 36
\BOOKMARK [2][]{subsection.2.2.2}{2.2.2 Heuristic algorithms}{section.2.2}% 37
\BOOKMARK [3][]{subsubsection.2.2.2.1}{2.2.2.A Held-Karp Lower Bound}{subsection.2.2.2}% 38
\BOOKMARK [3][]{subsubsection.2.2.2.2}{2.2.2.B Tour construction}{subsection.2.2.2}% 39
\BOOKMARK [4][]{paragraph.2.2.2.2.1}{A \205 Nearest neighbour}{subsubsection.2.2.2.2}% 40
\BOOKMARK [4][]{paragraph.2.2.2.2.2}{B \205 Greedy heuristic}{subsubsection.2.2.2.2}% 41
\BOOKMARK [3][]{subsubsection.2.2.2.3}{2.2.2.C Tour improvement}{subsection.2.2.2}% 42
\BOOKMARK [4][]{paragraph.2.2.2.3.1}{A \205 2 and 3 opt tours}{subsubsection.2.2.2.3}% 43
\BOOKMARK [4][]{paragraph.2.2.2.3.2}{B \205 k opt tour}{subsubsection.2.2.2.3}% 44
\BOOKMARK [4][]{paragraph.2.2.2.3.3}{C \205 Lin-Kernighan heuristic}{subsubsection.2.2.2.3}% 45
\BOOKMARK [2][]{subsection.2.2.3}{2.2.3 Meta-Heuristic algorithms}{section.2.2}% 46
\BOOKMARK [3][]{subsubsection.2.2.3.1}{2.2.3.A Ant Colony Optimization}{subsection.2.2.3}% 47
\BOOKMARK [3][]{subsubsection.2.2.3.2}{2.2.3.B Simulated Annealing}{subsection.2.2.3}% 48
\BOOKMARK [0][]{chapter.3}{3 Problem Formulation}{}% 49
\BOOKMARK [1][]{section.3.1}{3.1 Flying Tourist Problem}{chapter.3}% 50
\BOOKMARK [2][]{subsection.3.1.1}{3.1.1 Relation to the TSP}{section.3.1}% 51
\BOOKMARK [2][]{subsection.3.1.2}{3.1.2 Graph construction}{section.3.1}% 52
\BOOKMARK [0][]{bib.0}{Bibliography}{}% 53
\BOOKMARK [1][]{appendix.1}{Appendix A}{bib.0}% 54
\BOOKMARK [0][]{appendix.A}{A Code of Project}{}% 55
\BOOKMARK [1][]{appendix.1}{Appendix B}{appendix.A}% 56
\BOOKMARK [0][]{appendix.B}{B A Large Table}{}% 57
